<?xml version="1.0" encoding="UTF-8"?>
<!-- Generated by org.testng.reporters.JUnitReportReporter -->
<testsuite hostname="APL-CTC0R93" failures="0" tests="7" name="testcases.HomePageTest" time="0.959" errors="0" timestamp="2025-11-24T17:03:02 IST" skipped="0">
  <testcase classname="testcases.HomePageTest" name="testComputersClickable" time="0.598"/>
  <testcase classname="testcases.HomePageTest" name="testElectronicsClickable" time="0.061"/>
  <testcase classname="testcases.HomePageTest" name="testApparelClickable" time="0.056"/>
  <testcase classname="testcases.HomePageTest" name="testDownloadsClickable" time="0.061"/>
  <testcase classname="testcases.HomePageTest" name="testBooksClickable" time="0.067"/>
  <testcase classname="testcases.HomePageTest" name="testJewelryClickable" time="0.060"/>
  <testcase classname="testcases.HomePageTest" name="testGiftCardsClickable" time="0.056"/>
</testsuite> <!-- testcases.HomePageTest -->
