<?xml version="1.0" encoding="UTF-8"?>
<!-- Generated by org.testng.reporters.JUnitReportReporter -->
<testsuite hostname="APL-CTC0R93" failures="0" tests="3" name="testcases.LoginTest" time="3.443" errors="0" timestamp="2025-11-24T17:03:01 IST" skipped="0">
  <testcase classname="testcases.LoginTest" name="testRememberMeSelection" time="0.894"/>
  <testcase classname="testcases.LoginTest" name="testForgotPasswordLink" time="1.202"/>
  <testcase classname="testcases.LoginTest" name="loginUser" time="1.347"/>
</testsuite> <!-- testcases.LoginTest -->
